<?xml version="1.0" encoding="UTF-8"?>
<!-- Generated by org.testng.reporters.JUnitXMLReporter -->
<testsuite ignored="13" hostname="DESKTOP-GVKU7GV" failures="0" tests="1" name="Default test" time="0.138" errors="0" timestamp="2025-07-31T13:10:46 IST">
  <testcase classname="javaprogram.programs" name="compressString" time="0.028"/>
  <testcase classname="javaprogram.programs" name="expandString" time="0.0">
    <ignored/>
  </testcase> <!-- expandString -->
  <testcase classname="javaprogram.programs" name="count_space" time="0.0">
    <ignored/>
  </testcase> <!-- count_space -->
  <testcase classname="javaprogram.programs" name="reverseEachWords" time="0.0">
    <ignored/>
  </testcase> <!-- reverseEachWords -->
  <testcase classname="javaprogram.programs" name="sum" time="0.0">
    <ignored/>
  </testcase> <!-- sum -->
  <testcase classname="javaprogram.programs" name="count_ch_num_sy" time="0.0">
    <ignored/>
  </testcase> <!-- count_ch_num_sy -->
  <testcase classname="javaprogram.programs" name="frequency" time="0.0">
    <ignored/>
  </testcase> <!-- frequency -->
  <testcase classname="javaprogram.programs" name="reverseStringwithoutReverseSpace" time="0.0">
    <ignored/>
  </testcase> <!-- reverseStringwithoutReverseSpace -->
  <testcase classname="javaprogram.programs" name="convert_Uppercase" time="0.0">
    <ignored/>
  </testcase> <!-- convert_Uppercase -->
  <testcase classname="javaprogram.programs" name="remove_dublicates" time="0.0">
    <ignored/>
  </testcase> <!-- remove_dublicates -->
  <testcase classname="javaprogram.programs" name="frequency_unique" time="0.0">
    <ignored/>
  </testcase> <!-- frequency_unique -->
  <testcase classname="javaprogram.programs" name="reversePalindromeString" time="0.0">
    <ignored/>
  </testcase> <!-- reversePalindromeString -->
  <testcase classname="javaprogram.programs" name="reverseString" time="0.0">
    <ignored/>
  </testcase> <!-- reverseString -->
  <testcase classname="javaprogram.programs" name="swap" time="0.0">
    <ignored/>
  </testcase> <!-- swap -->
</testsuite> <!-- Default test -->
