<?xml version="1.0" encoding="UTF-8"?>
<!-- Generated by org.testng.reporters.JUnitXMLReporter -->
<testsuite ignored="11" hostname="DESKTOP-GVKU7GV" failures="0" tests="1" name="Default test" time="0.129" errors="0" timestamp="2025-08-08T11:54:58 IST">
  <testcase classname="javaprogram.prog" name="maxFromEvenIndexedElements" time="0.022"/>
  <testcase classname="javaprogram.prog" name="sumof_Odd" time="0.0">
    <ignored/>
  </testcase> <!-- sumof_Odd -->
  <testcase classname="javaprogram.prog" name="sumof_Even_Index" time="0.0">
    <ignored/>
  </testcase> <!-- sumof_Even_Index -->
  <testcase classname="javaprogram.prog" name="min_value_of_Odd_Index" time="0.0">
    <ignored/>
  </testcase> <!-- min_value_of_Odd_Index -->
  <testcase classname="javaprogram.prog" name="sum" time="0.0">
    <ignored/>
  </testcase> <!-- sum -->
  <testcase classname="javaprogram.prog" name="min_value" time="0.0">
    <ignored/>
  </testcase> <!-- min_value -->
  <testcase classname="javaprogram.prog" name="Secmax_value" time="0.0">
    <ignored/>
  </testcase> <!-- Secmax_value -->
  <testcase classname="javaprogram.prog" name="Secmin_value" time="0.0">
    <ignored/>
  </testcase> <!-- Secmin_value -->
  <testcase classname="javaprogram.prog" name="average" time="0.0">
    <ignored/>
  </testcase> <!-- average -->
  <testcase classname="javaprogram.prog" name="max_value" time="0.0">
    <ignored/>
  </testcase> <!-- max_value -->
  <testcase classname="javaprogram.prog" name="minFromEvenIndexedElements" time="0.0">
    <ignored/>
  </testcase> <!-- minFromEvenIndexedElements -->
  <testcase classname="javaprogram.prog" name="sumof_Odd_Index" time="0.0">
    <ignored/>
  </testcase> <!-- sumof_Odd_Index -->
</testsuite> <!-- Default test -->
