<?xml version="1.0" encoding="UTF-8"?>
<testng-results ignored="13" total="14" passed="1" failed="0" skipped="0">
  <reporter-output>
  </reporter-output>
  <suite started-at="2025-07-31T13:10:46 IST" name="Default suite" finished-at="2025-07-31T13:10:46 IST" duration-ms="138">
    <groups>
    </groups>
    <test started-at="2025-07-31T13:10:46 IST" name="Default test" finished-at="2025-07-31T13:10:46 IST" duration-ms="138">
      <class name="javaprogram.programs">
        <test-method signature="compressString()[pri:0, instance:javaprogram.programs@131774fe]" started-at="2025-07-31T13:10:46 IST" name="compressString" finished-at="2025-07-31T13:10:46 IST" duration-ms="28" status="PASS">
          <reporter-output>
          </reporter-output>
        </test-method> <!-- compressString -->
      </class> <!-- javaprogram.programs -->
    </test> <!-- Default test -->
  </suite> <!-- Default suite -->
</testng-results>
