<?xml version="1.0" encoding="UTF-8"?>
<testng-results ignored="11" total="12" passed="1" failed="0" skipped="0">
  <reporter-output>
  </reporter-output>
  <suite started-at="2025-08-08T11:54:58 IST" name="Default suite" finished-at="2025-08-08T11:54:58 IST" duration-ms="129">
    <groups>
    </groups>
    <test started-at="2025-08-08T11:54:58 IST" name="Default test" finished-at="2025-08-08T11:54:58 IST" duration-ms="129">
      <class name="javaprogram.prog">
        <test-method signature="maxFromEvenIndexedElements()[pri:0, instance:javaprogram.prog@3febb011]" started-at="2025-08-08T11:54:58 IST" name="maxFromEvenIndexedElements" finished-at="2025-08-08T11:54:58 IST" duration-ms="22" status="PASS">
          <reporter-output>
          </reporter-output>
        </test-method> <!-- maxFromEvenIndexedElements -->
      </class> <!-- javaprogram.prog -->
    </test> <!-- Default test -->
  </suite> <!-- Default suite -->
</testng-results>
